Release 14.7 - xst P.20131013 (nt64)
Copyright (c) 1995-2013 Xilinx, Inc.  All rights reserved.
--> Parameter TMPDIR set to xst/projnav.tmp


Total REAL time to Xst completion: 0.00 secs
Total CPU time to Xst completion: 0.08 secs
 
--> Parameter xsthdpdir set to xst


Total REAL time to Xst completion: 0.00 secs
Total CPU time to Xst completion: 0.09 secs
 
--> Reading design: UART_TX.prj

TABLE OF CONTENTS
  1) Synthesis Options Summary
  2) HDL Compilation
  3) Design Hierarchy Analysis
  4) HDL Analysis
  5) HDL Synthesis
     5.1) HDL Synthesis Report
  6) Advanced HDL Synthesis
     6.1) Advanced HDL Synthesis Report
  7) Low Level Synthesis
  8) Partition Report
  9) Final Report
	9.1) Device utilization summary
	9.2) Partition Resource Summary
	9.3) TIMING REPORT


=========================================================================
*                      Synthesis Options Summary                        *
=========================================================================
---- Source Parameters
Input File Name                    : "UART_TX.prj"
Input Format                       : mixed
Ignore Synthesis Constraint File   : NO

---- Target Parameters
Output File Name                   : "UART_TX"
Output Format                      : NGC
Target Device                      : xc3s100e-5-cp132

---- Source Options
Top Module Name                    : UART_TX
Automatic FSM Extraction           : YES
FSM Encoding Algorithm             : Auto
Safe Implementation                : No
FSM Style                          : LUT
RAM Extraction                     : Yes
RAM Style                          : Auto
ROM Extraction                     : Yes
Mux Style                          : Auto
Decoder Extraction                 : YES
Priority Encoder Extraction        : Yes
Shift Register Extraction          : YES
Logical Shifter Extraction         : YES
XOR Collapsing                     : YES
ROM Style                          : Auto
Mux Extraction                     : Yes
Resource Sharing                   : YES
Asynchronous To Synchronous        : NO
Multiplier Style                   : Auto
Automatic Register Balancing       : No

---- Target Options
Add IO Buffers                     : YES
Global Maximum Fanout              : 500
Add Generic Clock Buffer(BUFG)     : 24
Register Duplication               : YES
Slice Packing                      : YES
Optimize Instantiated Primitives   : NO
Use Clock Enable                   : Yes
Use Synchronous Set                : Yes
Use Synchronous Reset              : Yes
Pack IO Registers into IOBs        : Auto
Equivalent register Removal        : YES

---- General Options
Optimization Goal                  : Speed
Optimization Effort                : 1
Keep Hierarchy                     : No
Netlist Hierarchy                  : As_Optimized
RTL Output                         : Yes
Global Optimization                : AllClockNets
Read Cores                         : YES
Write Timing Constraints           : NO
Cross Clock Analysis               : NO
Hierarchy Separator                : /
Bus Delimiter                      : <>
Case Specifier                     : Maintain
Slice Utilization Ratio            : 100
BRAM Utilization Ratio             : 100
Verilog 2001                       : YES
Auto BRAM Packing                  : NO
Slice Utilization Ratio Delta      : 5

=========================================================================


=========================================================================
*                          HDL Compilation                              *
=========================================================================
Compiling vhdl file "C:/Users/User/Desktop/Skola/New folder/Uart-transmitter/Uart.vhd" in Library work.
Entity <uart_tx> compiled.
Entity <uart_tx> (Architecture <rtl>) compiled.

=========================================================================
*                     Design Hierarchy Analysis                         *
=========================================================================
Analyzing hierarchy for entity <UART_TX> in library <work> (architecture <rtl>) with generics.
	clockperiods = 217


=========================================================================
*                            HDL Analysis                               *
=========================================================================
Analyzing generic Entity <UART_TX> in library <work> (Architecture <rtl>).
	clockperiods = 217
Entity <UART_TX> analyzed. Unit <UART_TX> generated.


=========================================================================
*                           HDL Synthesis                               *
=========================================================================

Performing bidirectional port resolution...

Synthesizing Unit <UART_TX>.
    Related source file is "C:/Users/User/Desktop/Skola/New folder/Uart-transmitter/Uart.vhd".
    Found finite state machine <FSM_0> for signal <sMain>.
    -----------------------------------------------------------------------
    | States             | 5                                              |
    | Transitions        | 10                                             |
    | Inputs             | 3                                              |
    | Outputs            | 6                                              |
    | Clock              | Clk                       (rising_edge)        |
    | Power Up State     | start                                          |
    | Encoding           | automatic                                      |
    | Implementation     | LUT                                            |
    -----------------------------------------------------------------------
    Found 1-bit register for signal <Active>.
    Found 1-bit register for signal <Serial>.
    Found 3-bit register for signal <Bit_index>.
    Found 3-bit adder for signal <Bit_index$addsub0000> created at line 96.
    Found 8-bit register for signal <Clk_count>.
    Found 8-bit adder for signal <Clk_count$addsub0000>.
    Found 8-bit register for signal <Data>.
    Found 1-bit register for signal <Done>.
    Found 8-bit comparator less for signal <sMain$cmp_lt0000> created at line 75.
    Found 3-bit comparator less for signal <sMain$cmp_lt0001> created at line 95.
    Summary:
	inferred   1 Finite State Machine(s).
	inferred  22 D-type flip-flop(s).
	inferred   2 Adder/Subtractor(s).
	inferred   2 Comparator(s).
Unit <UART_TX> synthesized.

INFO:Xst:1767 - HDL ADVISOR - Resource sharing has identified that some arithmetic operations in this design can share the same physical resources for reduced device utilization. For improved clock frequency you may try to disable resource sharing.

=========================================================================
HDL Synthesis Report

Macro Statistics
# Adders/Subtractors                                   : 2
 3-bit adder                                           : 1
 8-bit adder                                           : 1
# Registers                                            : 6
 1-bit register                                        : 3
 3-bit register                                        : 1
 8-bit register                                        : 2
# Comparators                                          : 2
 3-bit comparator less                                 : 1
 8-bit comparator less                                 : 1

=========================================================================

=========================================================================
*                       Advanced HDL Synthesis                          *
=========================================================================

Analyzing FSM <FSM_0> for best encoding.
Optimizing FSM <sMain/FSM> on signal <sMain[1:3]> with gray encoding.
-----------------------
 State     | Encoding
-----------------------
 start     | 000
 start_bit | 001
 data_bits | 011
 stop_bit  | 010
 clear     | 110
-----------------------

=========================================================================
Advanced HDL Synthesis Report

Macro Statistics
# FSMs                                                 : 1
# Adders/Subtractors                                   : 2
 3-bit adder                                           : 1
 8-bit adder                                           : 1
# Registers                                            : 22
 Flip-Flops                                            : 22
# Comparators                                          : 2
 3-bit comparator less                                 : 1
 8-bit comparator less                                 : 1

=========================================================================

=========================================================================
*                         Low Level Synthesis                           *
=========================================================================

Optimizing unit <UART_TX> ...

Mapping all equations...
Building and optimizing final netlist ...
Found area constraint ratio of 100 (+ 5) on block UART_TX, actual ratio is 2.

Final Macro Processing ...

=========================================================================
Final Register Report

Macro Statistics
# Registers                                            : 25
 Flip-Flops                                            : 25

=========================================================================

=========================================================================
*                           Partition Report                            *
=========================================================================

Partition Implementation Status
-------------------------------

  No Partitions were found in this design.

-------------------------------

=========================================================================
*                            Final Report                               *
=========================================================================
Final Results
RTL Top Level Output File Name     : UART_TX.ngr
Top Level Output File Name         : UART_TX
Output Format                      : NGC
Optimization Goal                  : Speed
Keep Hierarchy                     : No

Design Statistics
# IOs                              : 13

Cell Usage :
# BELS                             : 50
#      LUT2                        : 5
#      LUT2_L                      : 1
#      LUT3                        : 7
#      LUT3_D                      : 3
#      LUT3_L                      : 2
#      LUT4                        : 25
#      LUT4_D                      : 3
#      LUT4_L                      : 2
#      MUXF5                       : 2
# FlipFlops/Latches                : 25
#      FD                          : 14
#      FDE                         : 8
#      FDR                         : 1
#      FDS                         : 2
# Clock Buffers                    : 1
#      BUFGP                       : 1
# IO Buffers                       : 12
#      IBUF                        : 9
#      OBUF                        : 3
=========================================================================

Device utilization summary:
---------------------------

Selected Device : 3s100ecp132-5 

 Number of Slices:                       25  out of    960     2%  
 Number of Slice Flip Flops:             25  out of   1920     1%  
 Number of 4 input LUTs:                 48  out of   1920     2%  
 Number of IOs:                          13
 Number of bonded IOBs:                  13  out of     83    15%  
 Number of GCLKs:                         1  out of     24     4%  

---------------------------
Partition Resource Summary:
---------------------------

  No Partitions were found in this design.

---------------------------


=========================================================================
TIMING REPORT

NOTE: THESE TIMING NUMBERS ARE ONLY A SYNTHESIS ESTIMATE.
      FOR ACCURATE TIMING INFORMATION PLEASE REFER TO THE TRACE REPORT
      GENERATED AFTER PLACE-and-ROUTE.

Clock Information:
------------------
-----------------------------------+------------------------+-------+
Clock Signal                       | Clock buffer(FF name)  | Load  |
-----------------------------------+------------------------+-------+
Clk                                | BUFGP                  | 25    |
-----------------------------------+------------------------+-------+

Asynchronous Control Signals Information:
----------------------------------------
No asynchronous control signals found in this design

Timing Summary:
---------------
Speed Grade: -5

   Minimum period: 4.591ns (Maximum Frequency: 217.803MHz)
   Minimum input arrival time before clock: 3.517ns
   Maximum output required time after clock: 4.134ns
   Maximum combinational path delay: No path found

Timing Detail:
--------------
All values displayed in nanoseconds (ns)

=========================================================================
Timing constraint: Default period analysis for Clock 'Clk'
  Clock period: 4.591ns (frequency: 217.803MHz)
  Total number of paths / destination ports: 256 / 28
-------------------------------------------------------------------------
Delay:               4.591ns (Levels of Logic = 3)
  Source:            Clk_count_2 (FF)
  Destination:       Clk_count_7 (FF)
  Source Clock:      Clk rising
  Destination Clock: Clk rising

  Data Path: Clk_count_2 to Clk_count_7
                                Gate     Net
    Cell:in->out      fanout   Delay   Delay  Logical Name (Net Name)
    ----------------------------------------  ------------
     FD:C->Q               3   0.514   0.603  Clk_count_2 (Clk_count_2)
     LUT3_D:I0->O          2   0.612   0.383  Madd_Clk_count_addsub0000_cy<2>11 (Madd_Clk_count_addsub0000_cy<2>)
     LUT4_D:I3->LO         1   0.612   0.103  Madd_Clk_count_addsub0000_cy<5>11 (N36)
     LUT4:I3->O            1   0.612   0.357  Clk_count_mux0000<0>54 (Clk_count_mux0000<0>54)
     FDS:S                     0.795          Clk_count_7
    ----------------------------------------
    Total                      4.591ns (3.145ns logic, 1.446ns route)
                                       (68.5% logic, 31.5% route)

=========================================================================
Timing constraint: Default OFFSET IN BEFORE for Clock 'Clk'
  Total number of paths / destination ports: 17 / 17
-------------------------------------------------------------------------
Offset:              3.517ns (Levels of Logic = 3)
  Source:            Data_valid (PAD)
  Destination:       sMain_FSM_FFd3 (FF)
  Destination Clock: Clk rising

  Data Path: Data_valid to sMain_FSM_FFd3
                                Gate     Net
    Cell:in->out      fanout   Delay   Delay  Logical Name (Net Name)
    ----------------------------------------  ------------
     IBUF:I->O             2   1.106   0.532  Data_valid_IBUF (Data_valid_IBUF)
     LUT2:I0->O            1   0.612   0.387  sMain_FSM_FFd3-In_SW0 (N3)
     LUT4:I2->O            1   0.612   0.000  sMain_FSM_FFd3-In (sMain_FSM_FFd3-In)
     FD:D                      0.268          sMain_FSM_FFd3
    ----------------------------------------
    Total                      3.517ns (2.598ns logic, 0.919ns route)
                                       (73.9% logic, 26.1% route)

=========================================================================
Timing constraint: Default OFFSET OUT AFTER for Clock 'Clk'
  Total number of paths / destination ports: 3 / 3
-------------------------------------------------------------------------
Offset:              4.134ns (Levels of Logic = 1)
  Source:            Done (FF)
  Destination:       oDone (PAD)
  Source Clock:      Clk rising

  Data Path: Done to oDone
                                Gate     Net
    Cell:in->out      fanout   Delay   Delay  Logical Name (Net Name)
    ----------------------------------------  ------------
     FD:C->Q               3   0.514   0.451  Done (Done)
     OBUF:I->O                 3.169          oDone_OBUF (oDone)
    ----------------------------------------
    Total                      4.134ns (3.683ns logic, 0.451ns route)
                                       (89.1% logic, 10.9% route)

=========================================================================


Total REAL time to Xst completion: 4.00 secs
Total CPU time to Xst completion: 3.90 secs
 
--> 

Total memory usage is 4522296 kilobytes

Number of errors   :    0 (   0 filtered)
Number of warnings :    0 (   0 filtered)
Number of infos    :    1 (   0 filtered)

